<?xml version="1.0" encoding="UTF-8"?>
<!-- Generated by org.testng.reporters.JUnitReportReporter -->
<testsuite hostname="DESKTOP-KTCAVPU" failures="0" tests="1" name="WalletHub.Facebook" time="18.185" errors="0" timestamp="2021-08-11T04:30:23 IST" skipped="0">
  <testcase classname="WalletHub.Facebook" name="facebookStatusPost" time="18.185"/>
  <system-out/>
</testsuite> <!-- WalletHub.Facebook -->
