<?xml version="1.0" encoding="UTF-8"?>
<!-- Generated by org.testng.reporters.JUnitReportReporter -->
<testsuite hostname="DESKTOP-KTCAVPU" failures="0" tests="1" name="WalletHub.TestInsuranceReview" time="43.441" errors="0" timestamp="2021-08-16T03:41:55 IST" skipped="0">
  <testcase classname="WalletHub.TestInsuranceReview" name="writingTestReview" time="43.441"/>
  <system-out/>
</testsuite> <!-- WalletHub.TestInsuranceReview -->
